hlcsg v4.3-VLV34-SC5.25 64-bit (Jan  1 2022)
Zoner's Half-Life Compilation Tools -- Custom build for Sven Co-op 5.25
Based on code modifications by Vluzacn (VLV34)
Based on code modifications by Sean "Zoner" Cavanaugh (4.3)
Based on Valve's version, modified with permission.

A full list of contributors can be found at http://zhlt.info/credits.html

For help and support please use the official discord channel: https://discord.gg/yZxs6nJs3n
-----  BEGIN  hlcsg -----
Command line: "C:/Program Files (x86)/Steam/steamapps/common/Sven Co-op SDK/mapping/compilers/SC-CSG_x64.exe" "C:\Program Files (x86)\Steam\steamapps\common\Sven Co-op\svencoop_addon\maps\1env_crystal" 
Arguments: "C:\Program Files (x86)\Steam\steamapps\common\Sven Co-op\svencoop_addon\maps\1env_crystal" 
Entering C:\Program Files (x86)\Steam\steamapps\common\Sven Co-op\svencoop_addon\maps\1env_crystal.map

-= Current hlcsg Settings =-
Setting                        |  Map value            |  Default value        
-------------------------------|-----------------------|-----------------------
Verbose                         [                 off ] [                 off ]
Log                             [                  on ] [                  on ]
Developer mode                  [                   0 ] [                   0 ]
Estimate times                  [                 off ] [                 off ]
Statistics chart                [                 off ] [                 off ]
CPU thread count                [                   2 ] [              Varies ]
CPU process priority            [              Normal ] [              Normal ]
Texture data memory limit       [            67108864 ] [            67108864 ]
Lighting data memory limit      [            67108864 ] [            67108864 ]

Entities only                   [                 off ] [                 off ]
WAD textures                    [                  on ] [                  on ]
Clipping hull generation        [                  on ] [                 off ]
Clipping economy mode           [                 off ] [                 off ]
Clipping hull type              [              Simple ] [              Simple ]
Custom hull file                [                None ] [                None ]
Sky brush clipping              [                  on ] [                  on ]
Minimum surface area            [               0.000 ] [               0.000 ]
Brush union threshold           [               0.000 ] [               0.000 ]
NULL texture substitutions file [                None ] [                None ]
WAD configuration file          [                None ] [                None ]
WAD configuration name          [                None ] [                None ]
WAD auto-detect                 [                 off ] [                  on ]
Strip null texture faces        [                  on ] [                  on ]
Strip trigger texture faces     [                  on ] [                  on ]
Optimize engine light entities  [                  on ] [                  on ]
Convert game_text ANSI to UTF-8 [                  on ] [                  on ]
Scale the world                 [                None ] [                None ]


Using mapfile wad configuration
Wadinclude list :
[zhlt.wad]

CreateBrush:
 (0.00 seconds)
CSGBrush:
 (0.01 seconds)

added 2 additional animating textures.
Including Wadfile: /Program Files (x86)/Steam/steamapps/common/Sven Co-op/svencoop/zhlt.wad
 - Contains 1 used texture, 20.00 percent of map (19 textures in wad)
Using Wadfile: /Program Files (x86)/Steam/steamapps/common/Sven Co-op/svencoop_addon/epone.wad
 - Contains 0 used textures, 0.00 percent of map (373 textures in wad)
Using Wadfile: /Program Files (x86)/Steam/steamapps/common/Sven Co-op/svencoop/halflife.wad
 - Contains 4 used textures, 80.00 percent of map (3116 textures in wad)

Wad files required to run the map: "epone.wad;halflife.wad;"
Texture usage is at 0.09 mb (of 64.00 mb MAX)
0.24 seconds elapsed

-----   END   hlcsg -----



hlbsp v4.3-VLV34-SC5.25 64-bit (Jan  1 2022)
Zoner's Half-Life Compilation Tools -- Custom build for Sven Co-op 5.25
Based on code modifications by Vluzacn (VLV34)
Based on code modifications by Sean "Zoner" Cavanaugh (4.3)
Based on Valve's version, modified with permission.

A full list of contributors can be found at http://zhlt.info/credits.html

For help and support please use the official discord channel: https://discord.gg/yZxs6nJs3n
-----  BEGIN  hlbsp -----
Command line: "C:/Program Files (x86)/Steam/steamapps/common/Sven Co-op SDK/mapping/compilers/SC-BSP_x64.exe" "C:\Program Files (x86)\Steam\steamapps\common\Sven Co-op\svencoop_addon\maps\1env_crystal" 
Arguments: "C:\Program Files (x86)\Steam\steamapps\common\Sven Co-op\svencoop_addon\maps\1env_crystal" 

-= Current hlbsp Settings =-
Setting                        |  Map value            |  Default value        
-------------------------------|-----------------------|-----------------------
Verbose                         [                 off ] [                 off ]
Log                             [                  on ] [                  on ]
Developer mode                  [                   0 ] [                   0 ]
Estimate times                  [                 off ] [                 off ]
Statistics chart                [                 off ] [                 off ]
CPU thread count                [                   2 ] [              Varies ]
CPU process priority            [              Normal ] [              Normal ]
Texture data memory limit       [            67108864 ] [            67108864 ]
Lighting data memory limit      [            67108864 ] [            67108864 ]

Leak only mode                  [                 off ] [                 off ]
Face subdivide size             [                 528 ] [                 528 ]
Maximum portal node size        [                1024 ] [                1024 ]
Don't break edges on T-juncs?   [                 off ] [                 off ]
Don't smooth brinks?            [                 off ] [                 off ]
Don't process the clipping hull?[                 off ] [                 off ]
Don't fill outside?             [                 off ] [                 off ]
Don't fill empty spaces?        [                 off ] [                 off ]
Don't optimize planes?          [                 off ] [                 off ]
Don't optimize clip nodes?      [                 off ] [                 off ]
Don't strip NULL textures?      [                 off ] [                 off ]
Don't generate hull 2?          [                 off ] [                 off ]
Show portal boundaries in PTS?  [                 off ] [                 off ]


SolidBSP [hull 0] 13 (0.01 seconds)
BSP generation successful, writing portal file 'C:\Program Files (x86)\Steam\steamapps\common\Sven Co-op\svencoop_addon\maps\1env_crystal.prt'
SolidBSP [hull 1] 46 (0.00 seconds)
SolidBSP [hull 2] 46 (0.00 seconds)
SolidBSP [hull 3] 46 (0.00 seconds)
Reduced 93 clipnodes to 87
Reduced 13 texinfos to 6
Reduced 5 texdatas to 5 (1336 bytes to 1336)
Reduced 160 planes to 44
FixBrinks:
Increased 87 clipnodes to 87.
0.37 seconds elapsed

-----   END   hlbsp -----



hlvis v4.3-VLV34-SC5.25 64-bit (Jan  1 2022)
Zoner's Half-Life Compilation Tools -- Custom build for Sven Co-op 5.25
Based on code modifications by Vluzacn (VLV34)
Based on code modifications by Sean "Zoner" Cavanaugh (4.3)
Based on Valve's version, modified with permission.

A full list of contributors can be found at http://zhlt.info/credits.html

For help and support please use the official discord channel: https://discord.gg/yZxs6nJs3n
-----  BEGIN  hlvis -----
Command line: "C:/Program Files (x86)/Steam/steamapps/common/Sven Co-op SDK/mapping/compilers/SC-VIS_x64.exe" "C:\Program Files (x86)\Steam\steamapps\common\Sven Co-op\svencoop_addon\maps\1env_crystal" 
Arguments: "C:\Program Files (x86)\Steam\steamapps\common\Sven Co-op\svencoop_addon\maps\1env_crystal" 
   2 portalleafs
   0 numportals

-= Current hlvis Settings =-
Setting                        |  Map value            |  Default value        
-------------------------------|-----------------------|-----------------------
Verbose                         [                 off ] [                 off ]
Log                             [                  on ] [                  on ]
Developer mode                  [                   0 ] [                   0 ]
Estimate times                  [                 off ] [                 off ]
Statistics chart                [                 off ] [                 off ]
CPU thread count                [                   2 ] [              Varies ]
CPU process priority            [              Normal ] [              Normal ]
Texture data memory limit       [            67108864 ] [            67108864 ]
Lighting data memory limit      [            67108864 ] [            67108864 ]

Fast mode                       [                 off ] [                 off ]
Full mode                       [                 off ] [                 off ]


BasePortalVis:
 (0.00 seconds)
LeafThread:
 (0.00 seconds)
average leafs visible: 0
g_visdatasize:2  compressed from 2
0.10 seconds elapsed

-----   END   hlvis -----



hlrad v4.3-VLV34-SC5.25 64-bit (Jan  1 2022)
Zoner's Half-Life Compilation Tools -- Custom build for Sven Co-op 5.25
Based on code modifications by Vluzacn (VLV34)
Based on code modifications by Sean "Zoner" Cavanaugh (4.3)
Based on Valve's version, modified with permission.

A full list of contributors can be found at http://zhlt.info/credits.html

For help and support please use the official discord channel: https://discord.gg/yZxs6nJs3n
-----  BEGIN  hlrad -----
Command line: "C:/Program Files (x86)/Steam/steamapps/common/Sven Co-op SDK/mapping/compilers/SC-RAD_x64.exe" "C:\Program Files (x86)\Steam\steamapps\common\Sven Co-op\svencoop_addon\maps\1env_crystal" 
Arguments: "C:\Program Files (x86)\Steam\steamapps\common\Sven Co-op\svencoop_addon\maps\1env_crystal" 

-= Current hlrad Settings =-
Setting                        |  Map value            |  Default value        
-------------------------------|-----------------------|-----------------------
Verbose                         [                 off ] [                 off ]
Log                             [                  on ] [                  on ]
Developer mode                  [                   0 ] [                   0 ]
Estimate times                  [                 off ] [                 off ]
Statistics chart                [                 off ] [                 off ]
CPU thread count                [                   2 ] [              Varies ]
CPU process priority            [              Normal ] [              Normal ]
Texture data memory limit       [            67108864 ] [            67108864 ]
Lighting data memory limit      [            67108864 ] [            67108864 ]

Fast mode                       [                 off ] [                 off ]
Extra mode                      [                 off ] [                 off ]
Visibility matrix               [              Sparse ] [              Sparse ]
Bounces                         [                   8 ] [                   8 ]
Ambient world light (R G B)     [   0.000 0.000 0.000 ] [   0.000 0.000 0.000 ]
Light clipping threshold        [             188.000 ] [             188.000 ]
Circus mode?                    [                 off ] [                 off ]
Disable sunlight spread angles? [                 off ] [                 off ]
Disable opaque light flags?     [                 off ] [                 off ]
Smoothing t.hold for blending   [              50.000 ] [              50.000 ]
Smoothing t.hold diff textures  [                 N/A ] [                 N/A ]
Patch size for normal textures  [              64.000 ] [              64.000 ]
Patch size for t-light faces    [              32.000 ] [              32.000 ]
Scale patches with texture?     [                  on ] [                  on ]
Patch subdividing?              [                  on ] [                  on ]
Lighting threshold before black [               0.010 ] [               0.010 ]
Direct lighting threshold       [              10.000 ] [              10.000 ]
Direct lighting scale           [               1.000 ] [               1.000 ]
Disable interpolation?          [                 off ] [                 off ]
Global fade                     [               1.000 ] [               1.000 ]
Global gap distance for t-light [               0.000 ] [               0.000 ]
Global light scale (R G B)      [   2.000 2.000 2.000 ] [   2.000 2.000 2.000 ]
Global gamma (R G B)            [   0.550 0.550 0.550 ] [   0.550 0.550 0.550 ]
Ambient sunlight shade contrib. [               1.000 ] [               1.000 ]
Disable sky light being global? [                 off ] [                 off ]
Use incremental transfer list?  [                 off ] [                 off ]
Dump light patches?             [                 off ] [                 off ]
Colour jitter (R G B)           [         0.0 0.0 0.0 ] [         0.0 0.0 0.0 ]
Monochromatic jitter (R G B)    [         0.0 0.0 0.0 ] [         0.0 0.0 0.0 ]
Custom shadows with bounces?    [                 off ] [                 off ]
Enable RBG transfers?           [                 off ] [                 off ]
Minimum final light             [                   0 ] [                   0 ]
Compress transfers?             [               16bit ] [               16bit ]
Compress RGB transfers?         [               32bit ] [               32bit ]
Smooth skylight?                [                  on ] [                  on ]
Thickness of translucent faces  [               2.000 ] [               2.000 ]
Remove black around opaques?    [                  on ] [                  on ]
Don't load textures?            [                 off ] [                 off ]
Reflection gamma                [               1.760 ] [               1.760 ]
Reflection scale                [               0.700 ] [               0.700 ]
Blur size                       [               1.500 ] [               1.500 ]
Don't fix pointy t-lights?      [                 off ] [                 off ]
Don't fix wall bleeding?        [                 off ] [                 off ]


Load Textures:
Using Wadfile: C:\Program Files (x86)\Steam\steamapps\common\Sven Co-op\svencoop_addon\maps\1env_crystal.wa_
5 textures referenced
Reading texlights from 'C:\Program Files (x86)\Steam\steamapps\common\Sven Co-op SDK\mapping\compilers\lights.rad'
0 opaque models
0 opaque faces
17 faces
Create Patches : 496 base patches
12266 square feet [1766400.00 square inches]
1 direct lights and 16386 fast direct lights
1 light styles

FindFacePositions:
 (0.25 seconds)
BuildFacelights:
 (0.67 seconds)
BuildVisLeafs:
 (0.07 seconds)
visibility matrix   :   0.2 megs
MakeScales:
 (0.05 seconds)
Transfer Lists :      160896 :   160.90k transfers
       Indices :        5120 :     5.00k bytes
          Data :      323280 :   315.70k bytes
Bounce 1 GatherLight:
 (0.02 seconds)
Bounce 2 GatherLight:
 (0.01 seconds)
Bounce 3 GatherLight:
 (0.02 seconds)
Bounce 4 GatherLight:
 (0.01 seconds)
Bounce 5 GatherLight:
 (0.02 seconds)
Bounce 6 GatherLight:
 (0.01 seconds)
Bounce 7 GatherLight:
 (0.01 seconds)
Bounce 8 GatherLight:
 (0.01 seconds)
CreateTriangulations:
 (0.02 seconds)
AddPatchLights:
 (0.47 seconds)
FinalLightFace:
 (0.01 seconds)
2.62 seconds elapsed

-----   END   hlrad -----



